e:\project\remesh\cvt_remesh\ps_ais_simplification\x64\debug\vc142.pdb
e:\project\remesh\cvt_remesh\ps_ais_simplification\x64\debug\vc142.idb
e:\project\remesh\cvt_remesh\ps_ais_simplification\x64\debug\mainremesh.obj
e:\project\remesh\cvt_remesh\ps_ais_simplification\x64\debug\viewmainmeshestimation.obj
e:\project\remesh\cvt_remesh\ps_ais_simplification\x64\debug\viewmain.obj
e:\project\remesh\cvt_remesh\ps_ais_simplification\x64\debug\trackball.obj
e:\project\remesh\cvt_remesh\ps_ais_simplification\x64\debug\plyload.obj
e:\project\remesh\cvt_remesh\ps_ais_simplification\x64\debug\method_cgal_scalespace.obj
e:\project\remesh\cvt_remesh\ps_ais_simplification\x64\debug\method_aivs_remesh.obj
e:\project\remesh\cvt_remesh\ps_ais_simplification\x64\debug\main.obj
e:\project\remesh\cvt_remesh\ps_ais_simplification\x64\debug\glm.obj
e:\project\remesh\cvt_remesh\ps_ais_simplification\x64\debug\generateremesh.obj
e:\project\remesh\cvt_remesh\ps_ais_simplification\x64\debug\loadfiledlg.obj
e:\project\remesh\cvt_remesh\ps_ais_simplification\x64\debug\cbrowsedir.obj
e:\project\remesh\cvt_remesh\x64\debug\cvt_remesh.ilk
e:\project\remesh\cvt_remesh\x64\debug\cvt_remesh.exe
e:\project\remesh\cvt_remesh\x64\debug\cvt_remesh.pdb
e:\project\remesh\cvt_remesh\ps_ais_simplification\x64\debug\cvt_remesh.tlog\cl.command.1.tlog
e:\project\remesh\cvt_remesh\ps_ais_simplification\x64\debug\cvt_remesh.tlog\cl.read.1.tlog
e:\project\remesh\cvt_remesh\ps_ais_simplification\x64\debug\cvt_remesh.tlog\cl.write.1.tlog
e:\project\remesh\cvt_remesh\ps_ais_simplification\x64\debug\cvt_remesh.tlog\link.command.1.tlog
e:\project\remesh\cvt_remesh\ps_ais_simplification\x64\debug\cvt_remesh.tlog\link.read.1.tlog
e:\project\remesh\cvt_remesh\ps_ais_simplification\x64\debug\cvt_remesh.tlog\link.write.1.tlog
